c:\users\thomas\desktop\cours\dut imagerie\2a\open gl\tp\tps\tp01\tp01\debug\tp01.pch
c:\users\thomas\desktop\cours\dut imagerie\2a\open gl\tp\tps\tp01\tp01\debug\vc140.pdb
c:\users\thomas\desktop\cours\dut imagerie\2a\open gl\tp\tps\tp01\tp01\debug\vc140.idb
c:\users\thomas\desktop\cours\dut imagerie\2a\open gl\tp\tps\tp01\tp01\debug\stdafx.obj
c:\users\thomas\desktop\cours\dut imagerie\2a\open gl\tp\tps\tp01\tp01\debug\cboolandcolor.obj
c:\users\thomas\desktop\cours\dut imagerie\2a\open gl\tp\tps\tp01\tp01\debug\color.obj
c:\users\thomas\desktop\cours\dut imagerie\2a\open gl\tp\tps\tp01\tp01\debug\helperfunctions.obj
c:\users\thomas\desktop\cours\dut imagerie\2a\open gl\tp\tps\tp01\tp01\debug\tp01.obj
c:\users\thomas\desktop\cours\dut imagerie\2a\open gl\tp\tps\tp01\debug\tp01.ilk
c:\users\thomas\desktop\cours\dut imagerie\2a\open gl\tp\tps\tp01\debug\tp01.exe
c:\users\thomas\desktop\cours\dut imagerie\2a\open gl\tp\tps\tp01\debug\tp01.pdb
c:\users\thomas\desktop\cours\dut imagerie\2a\open gl\tp\tps\tp01\debug\tp01.lib
c:\users\thomas\desktop\cours\dut imagerie\2a\open gl\tp\tps\tp01\debug\tp01.exp
c:\users\thomas\desktop\cours\dut imagerie\2a\open gl\tp\tps\tp01\tp01\debug\tp01.tlog\cl.command.1.tlog
c:\users\thomas\desktop\cours\dut imagerie\2a\open gl\tp\tps\tp01\tp01\debug\tp01.tlog\cl.read.1.tlog
c:\users\thomas\desktop\cours\dut imagerie\2a\open gl\tp\tps\tp01\tp01\debug\tp01.tlog\cl.write.1.tlog
c:\users\thomas\desktop\cours\dut imagerie\2a\open gl\tp\tps\tp01\tp01\debug\tp01.tlog\link.command.1.tlog
c:\users\thomas\desktop\cours\dut imagerie\2a\open gl\tp\tps\tp01\tp01\debug\tp01.tlog\link.read.1.tlog
c:\users\thomas\desktop\cours\dut imagerie\2a\open gl\tp\tps\tp01\tp01\debug\tp01.tlog\link.write.1.tlog
c:\users\thomas\desktop\cours\dut imagerie\2a\open gl\tp\tps\tp01\tp01\debug\tp01.tlog\tp01.write.1u.tlog
