c:\users\thomas\desktop\cours\dut imagerie\2a\open gl\tp\tps\tp02\tp02\debug\tp02.pch
c:\users\thomas\desktop\cours\dut imagerie\2a\open gl\tp\tps\tp02\tp02\debug\vc140.pdb
c:\users\thomas\desktop\cours\dut imagerie\2a\open gl\tp\tps\tp02\tp02\debug\vc140.idb
c:\users\thomas\desktop\cours\dut imagerie\2a\open gl\tp\tps\tp02\tp02\debug\stdafx.obj
c:\users\thomas\desktop\cours\dut imagerie\2a\open gl\tp\tps\tp02\tp02\debug\cboolandcolor.obj
c:\users\thomas\desktop\cours\dut imagerie\2a\open gl\tp\tps\tp02\tp02\debug\color.obj
c:\users\thomas\desktop\cours\dut imagerie\2a\open gl\tp\tps\tp02\tp02\debug\helperfunctions.obj
c:\users\thomas\desktop\cours\dut imagerie\2a\open gl\tp\tps\tp02\tp02\debug\tp02.obj
c:\users\thomas\desktop\cours\dut imagerie\2a\open gl\tp\tps\tp02\debug\tp02.ilk
c:\users\thomas\desktop\cours\dut imagerie\2a\open gl\tp\tps\tp02\debug\tp02.exe
c:\users\thomas\desktop\cours\dut imagerie\2a\open gl\tp\tps\tp02\debug\tp02.pdb
c:\users\thomas\desktop\cours\dut imagerie\2a\open gl\tp\tps\tp02\tp02\debug\resource.res
c:\users\thomas\desktop\cours\dut imagerie\2a\open gl\tp\tps\tp02\debug\tp02.lib
c:\users\thomas\desktop\cours\dut imagerie\2a\open gl\tp\tps\tp02\debug\tp02.exp
c:\users\thomas\desktop\cours\dut imagerie\2a\open gl\tp\tps\tp02\tp02\debug\tp01.obj
c:\users\thomas\desktop\cours\dut imagerie\2a\open gl\tp\tps\tp02\tp02\debug\tp01.pch
c:\users\thomas\desktop\cours\dut imagerie\2a\open gl\tp\tps\tp02\tp02\debug\tp02.tlog\cl.command.1.tlog
c:\users\thomas\desktop\cours\dut imagerie\2a\open gl\tp\tps\tp02\tp02\debug\tp02.tlog\cl.read.1.tlog
c:\users\thomas\desktop\cours\dut imagerie\2a\open gl\tp\tps\tp02\tp02\debug\tp02.tlog\cl.write.1.tlog
c:\users\thomas\desktop\cours\dut imagerie\2a\open gl\tp\tps\tp02\tp02\debug\tp02.tlog\link.command.1.tlog
c:\users\thomas\desktop\cours\dut imagerie\2a\open gl\tp\tps\tp02\tp02\debug\tp02.tlog\link.read.1.tlog
c:\users\thomas\desktop\cours\dut imagerie\2a\open gl\tp\tps\tp02\tp02\debug\tp02.tlog\link.write.1.tlog
c:\users\thomas\desktop\cours\dut imagerie\2a\open gl\tp\tps\tp02\tp02\debug\tp02.tlog\rc.command.1.tlog
c:\users\thomas\desktop\cours\dut imagerie\2a\open gl\tp\tps\tp02\tp02\debug\tp02.tlog\rc.read.1.tlog
c:\users\thomas\desktop\cours\dut imagerie\2a\open gl\tp\tps\tp02\tp02\debug\tp02.tlog\rc.write.1.tlog
c:\users\thomas\desktop\cours\dut imagerie\2a\open gl\tp\tps\tp02\tp02\debug\tp02.tlog\tp02.write.1u.tlog
