c:\users\antho\documents\3dvisualizer\tp\tps\tp03\tp03\debug\tp03.pch
c:\users\antho\documents\3dvisualizer\tp\tps\tp03\tp03\debug\vc141.pdb
c:\users\antho\documents\3dvisualizer\tp\tps\tp03\tp03\debug\vc141.idb
c:\users\antho\documents\3dvisualizer\tp\tps\tp03\tp03\debug\stdafx.obj
c:\users\antho\documents\3dvisualizer\tp\tps\tp03\tp03\debug\tp03.obj
c:\users\antho\documents\3dvisualizer\tp\tps\tp03\tp03\debug\meshloader.obj
c:\users\antho\documents\3dvisualizer\tp\tps\tp03\tp03\debug\helperfunctions.obj
c:\users\antho\documents\3dvisualizer\tp\tps\tp03\tp03\debug\color.obj
c:\users\antho\documents\3dvisualizer\tp\tps\tp03\tp03\debug\cboolandcolor.obj
c:\users\antho\documents\3dvisualizer\tp\tps\tp03\debug\tp03.exe
c:\users\antho\documents\3dvisualizer\tp\tps\tp03\debug\tp03.ilk
c:\users\antho\documents\3dvisualizer\tp\tps\tp03\debug\tp03.pdb
c:\users\antho\documents\3dvisualizer\tp\tps\tp03\tp03\debug\resource.res
c:\users\antho\documents\3dvisualizer\tp\tps\tp03\debug\tp03.lib
c:\users\antho\documents\3dvisualizer\tp\tps\tp03\debug\tp03.exp
c:\users\antho\documents\3dvisualizer\tp\tps\tp03\tp03\debug\tp02.obj
c:\users\antho\documents\3dvisualizer\tp\tps\tp03\tp03\debug\tp02.pch
c:\users\antho\documents\3dvisualizer\tp\tps\tp03\tp03\debug\vc140.idb
c:\users\antho\documents\3dvisualizer\tp\tps\tp03\tp03\debug\vc140.pdb
c:\users\antho\documents\3dvisualizer\tp\tps\tp03\tp03\debug\tp03.tlog\cl.command.1.tlog
c:\users\antho\documents\3dvisualizer\tp\tps\tp03\tp03\debug\tp03.tlog\cl.read.1.tlog
c:\users\antho\documents\3dvisualizer\tp\tps\tp03\tp03\debug\tp03.tlog\cl.write.1.tlog
c:\users\antho\documents\3dvisualizer\tp\tps\tp03\tp03\debug\tp03.tlog\link.command.1.tlog
c:\users\antho\documents\3dvisualizer\tp\tps\tp03\tp03\debug\tp03.tlog\link.delete.1.tlog
c:\users\antho\documents\3dvisualizer\tp\tps\tp03\tp03\debug\tp03.tlog\link.read.1.tlog
c:\users\antho\documents\3dvisualizer\tp\tps\tp03\tp03\debug\tp03.tlog\link.write.1.tlog
c:\users\antho\documents\3dvisualizer\tp\tps\tp03\tp03\debug\tp03.tlog\rc.command.1.tlog
c:\users\antho\documents\3dvisualizer\tp\tps\tp03\tp03\debug\tp03.tlog\rc.read.1.tlog
c:\users\antho\documents\3dvisualizer\tp\tps\tp03\tp03\debug\tp03.tlog\rc.write.1.tlog
c:\users\antho\documents\3dvisualizer\tp\tps\tp03\tp03\debug\tp03.tlog\tp03.write.1u.tlog
